ZenboSDK/ZenboDialogSample/build/intermediates/manifest_merge_blame_file/debug/manifest-merger-blame-debug-report.txt
1<?xml version="1.0" encoding="utf-8"?>
2<manifest xmlns:android="http://schemas.android.com/apk/res/android"
3    package="com.asus.zenbodialogsample"
4    android:versionCode="1"
5    android:versionName="1.0" >
6
7    <uses-sdk
8        android:minSdkVersion="23"
8-->src\main\AndroidManifest.xml
9        android:targetSdkVersion="26" />
9-->src\main\AndroidManifest.xml
10
11    <application
11-->src\main\AndroidManifest.xml:5:5-29:19
12        android:allowBackup="true"
12-->src\main\AndroidManifest.xml:6:9-35
13        android:debuggable="true"
14        android:extractNativeLibs="false"
15        android:icon="@mipmap/ic_launcher"
15-->src\main\AndroidManifest.xml:7:9-43
16        android:label="@string/app_name"
16-->src\main\AndroidManifest.xml:8:9-41
17        android:supportsRtl="true"
17-->src\main\AndroidManifest.xml:9:9-35
18        android:theme="@style/RobotDevTheme" >
18-->src\main\AndroidManifest.xml:10:9-45
19        <meta-data
19-->src\main\AndroidManifest.xml:12:9-13:63
20            android:name="zenbo_ds_domainuuid"
20-->src\main\AndroidManifest.xml:12:20-54
21            android:value="9EF85697FF064D54B32FF06D21222BA2" />
21-->src\main\AndroidManifest.xml:13:13-61
22        <meta-data
22-->src\main\AndroidManifest.xml:15:9-16:36
23            android:name="zenbo_ds_version_9EF85697FF064D54B32FF06D21222BA2"
23-->src\main\AndroidManifest.xml:15:20-84
24            android:value="0.0.1" />
24-->src\main\AndroidManifest.xml:16:13-34
25
26        <activity android:name="com.asus.zenbodialogsample.ZenboDialogSample" >
26-->src\main\AndroidManifest.xml:18:9-28:20
26-->src\main\AndroidManifest.xml:18:19-52
27            <intent-filter>
27-->src\main\AndroidManifest.xml:19:13-27:29
28                <action android:name="android.intent.action.MAIN" />
28-->src\main\AndroidManifest.xml:20:17-69
28-->src\main\AndroidManifest.xml:20:25-66
29
30                <category android:name="com.asus.intent.category.ZENBO" />
30-->src\main\AndroidManifest.xml:21:17-75
30-->src\main\AndroidManifest.xml:21:27-72
31                <category android:name="com.asus.intent.category.ZENBO_LAUNCHER" />
31-->src\main\AndroidManifest.xml:22:17-84
31-->src\main\AndroidManifest.xml:22:27-81
32
33                <!-- please comment out the following line when you want to launch to Zenbo App Store -->
34                <!-- See Zenbo Developer Web: Zenbo-SDK-Getting-Started: Important notes on Zenbo APP developing -->
35                <category android:name="android.intent.category.LAUNCHER" />
35-->src\main\AndroidManifest.xml:26:17-77
35-->src\main\AndroidManifest.xml:26:27-74
36            </intent-filter>
37        </activity>
38
39        <meta-data
39-->[com.android.support:appcompat-v7:26.1.0] AndroidManifest.xml:26:9-28:38
40            android:name="android.support.VERSION"
40-->[com.android.support:appcompat-v7:26.1.0] AndroidManifest.xml:27:13-51
41            android:value="26.1.0" />
41-->[com.android.support:appcompat-v7:26.1.0] AndroidManifest.xml:28:13-35
42        <meta-data
42-->[android.arch.lifecycle:runtime:1.0.0] AndroidManifest.xml:25:9-27:47
43            android:name="android.arch.lifecycle.VERSION"
43-->[android.arch.lifecycle:runtime:1.0.0] AndroidManifest.xml:26:13-58
44            android:value="27.0.0-SNAPSHOT" />
44-->[android.arch.lifecycle:runtime:1.0.0] AndroidManifest.xml:27:13-44
45    </application>
46
47</manifest>